\BOOKMARK [0][-]{chapter*.2}{\376\377\000W\000s\000t\001\031\000p}{}% 1
\BOOKMARK [0][-]{chapter.1}{\376\377\000O\000p\000i\000s\000\040\000z\000a\001\102\000o\001\174\000e\001\104\000\040\000p\000r\000o\000j\000e\000k\000t\000u}{}% 2
\BOOKMARK [1][-]{section.1.1}{\376\377\000C\000e\000l\000e\000\040\000p\000r\000o\000j\000e\000t\000u}{chapter.1}% 3
\BOOKMARK [1][-]{section.1.2}{\376\377\000W\000y\000m\000a\000g\000a\000n\000i\000a\000\040\000f\000u\000n\000k\000c\000j\000o\000n\000a\000l\000e\000\040\000i\000\040\000n\000i\000e\000f\000u\000n\000k\000c\000j\000o\000n\000a\000l\000n\000e}{chapter.1}% 4
\BOOKMARK [0][-]{chapter.2}{\376\377\000O\000p\000i\000s\000\040\000s\000t\000r\000u\000k\000t\000u\000r\000y\000\040\000p\000r\000o\000j\000e\000k\000t\000u}{}% 5
\BOOKMARK [1][-]{section.2.1}{\376\377\000W\000s\000t\001\031\000p}{chapter.2}% 6
\BOOKMARK [1][-]{section.2.2}{\376\377\000J\001\031\000z\000y\000k\000\040\000p\000r\000o\000g\000r\000a\000m\000o\000w\000a\000n\000i\000a\000,\000\040\000n\000a\000r\000z\001\031\000d\000z\000i\000a\000\040\000i\000\040\000w\000y\000m\000a\000g\000a\000n\000i\000a\000\040\000s\000p\000r\000z\001\031\000t\000o\000w\000e}{chapter.2}% 7
\BOOKMARK [1][-]{section.2.3}{\376\377\000M\000i\000n\000i\000m\000a\000l\000n\000e\000\040\000w\000y\000m\000a\000g\000a\000n\000i\000a\000\040\000s\000p\000r\000z\001\031\000t\000o\000w\000e}{chapter.2}% 8
\BOOKMARK [1][-]{section.2.4}{\376\377\000Z\000a\000r\000z\001\005\000d\000z\000a\000n\000i\000e\000\040\000d\000a\000n\000y\000m\000i\000\040\000i\000\040\000i\000n\000t\000e\000g\000r\000a\000c\000j\000a\000\040\000z\000\040\000b\000a\000z\001\005\000\040\000d\000a\000n\000y\000c\000h\000\040\000S\000Q\000L}{chapter.2}% 9
\BOOKMARK [1][-]{section.2.5}{\376\377\000S\000t\000r\000u\000k\000t\000u\000r\000a\000\040\000t\000a\000b\000e\000l\000\040\000S\000Q\000L}{chapter.2}% 10
\BOOKMARK [1][-]{section.2.6}{\376\377\000S\000t\000r\000u\000k\000t\000u\000r\000a\000\040\000k\000l\000a\000s\000\040\000i\000\040\000h\000i\000e\000r\000a\000r\000c\000h\000i\000a\000\040\000o\000b\000i\000e\000k\000t\000\363\000w}{chapter.2}% 11
\BOOKMARK [1][-]{section.2.7}{\376\377\000O\000p\000i\000s\000\040\000n\000a\000j\000w\000a\001\174\000n\000i\000e\000j\000s\000z\000y\000c\000h\000\040\000m\000e\000t\000o\000d}{chapter.2}% 12
\BOOKMARK [0][-]{chapter.3}{\376\377\000H\000a\000r\000m\000o\000n\000o\000g\000r\000a\000m\000\040\000r\000e\000a\000l\000i\000z\000a\000c\000j\000i\000\040\000p\000r\000o\000j\000e\000k\000t\000u}{}% 13
\BOOKMARK [0][-]{chapter.4}{\376\377\000P\000r\000e\000z\000e\000n\000t\000a\000c\000j\000a\000\040\000w\000a\000r\000s\000t\000w\000y\000\040\000u\001\174\000y\000t\000k\000o\000w\000e\000j\000\040\000p\000r\000o\000j\000e\000k\000t\000u}{}% 14
\BOOKMARK [1][-]{section.4.1}{\376\377\000O\000p\000i\000s\000\040\000w\000a\000r\000s\000t\000w\000y\000\040\000u\001\174\000y\000t\000k\000o\000w\000e\000j}{chapter.4}% 15
\BOOKMARK [2][-]{subsection.4.1.1}{\376\377\000S\000p\000o\000s\000\363\000b\000\040\000d\000z\000i\000a\001\102\000a\000n\000i\000a}{section.4.1}% 16
\BOOKMARK [2][-]{subsection.4.1.2}{\376\377\000Z\000a\000l\000e\000t\000y\000\040\000p\000o\000d\000e\000j\001\133\000c\000i\000a}{section.4.1}% 17
\BOOKMARK [1][-]{section.4.2}{\376\377\000P\000o\000d\000s\000u\000m\000o\000w\000a\000n\000i\000e}{chapter.4}% 18
\BOOKMARK [0][-]{chapter.5}{\376\377\000P\000o\000d\000s\000u\000m\000o\000w\000a\000n\000i\000e}{}% 19
\BOOKMARK [1][-]{section.5.1}{\376\377\000Z\000r\000e\000a\000l\000i\000z\000o\000w\000a\000n\000e\000\040\000p\000r\000a\000c\000e}{chapter.5}% 20
\BOOKMARK [1][-]{section.5.2}{\376\377\000P\000l\000a\000n\000o\000w\000a\000n\000e\000\040\000d\000a\000l\000s\000z\000e\000\040\000p\000r\000a\000c\000e\000\040\000r\000o\000z\000w\000o\000j\000o\000w\000e}{chapter.5}% 21
\BOOKMARK [0][-]{section.5.2}{\376\377\000S\000p\000i\000s\000\040\000r\000y\000s\000u\000n\000k\000\363\000w}{}% 22
